<?xml version="1.0" encoding="UTF-8" ?>
<testsuite failures="0" time="0.016" errors="0" skipped="0" tests="30" name="PropertySerializationTest">
  <properties>
[...]
</properties>
  <testcase time="0" classname="PropertySerializationTest" name="should serialize a BooleanProperty"/>
  <testcase time="0.001" classname="PropertySerializationTest" name="should deserialize a BooleanProperty"/>
  <testcase time="0" classname="PropertySerializationTest" name="should serialize a DateProperty"/>
  <testcase time="0.001" classname="PropertySerializationTest" name="should deserialize a DateProperty"/>
  <testcase time="0" classname="PropertySerializationTest" name="should serialize a DateTimeProperty"/>
  <testcase time="0" classname="PropertySerializationTest" name="should deserialize a DateTimeProperty"/>
  <testcase time="0" classname="PropertySerializationTest" name="should serialize a DoubleProperty"/>
  <testcase time="0.001" classname="PropertySerializationTest" name="should deserialize a DoubleProperty"/>
  <testcase time="0" classname="PropertySerializationTest" name="should serialize a FloatProperty"/>
  <testcase time="0.001" classname="PropertySerializationTest" name="should deserialize a FloatProperty"/>
  <testcase time="0.001" classname="PropertySerializationTest" name="should serialize an IntegerProperty"/>
  <testcase time="0.001" classname="PropertySerializationTest" name="should deserialize a IntegerProperty"/>
  <testcase time="0.001" classname="PropertySerializationTest" name="should serialize a LongProperty"/>
  <testcase time="0.001" classname="PropertySerializationTest" name="should deserialize a LongProperty"/>
  <testcase time="0" classname="PropertySerializationTest" name="should serialize a string MapProperty"/>
  <testcase time="0" classname="PropertySerializationTest" name="should deserialize a string MapProperty"/>
  <testcase time="0" classname="PropertySerializationTest" name="should serialize a integer MapProperty"/>
  <testcase time="0.001" classname="PropertySerializationTest" name="should deserialize a integer MapProperty"/>
  <testcase time="0.001" classname="PropertySerializationTest" name="should serialize a long MapProperty"/>
  <testcase time="0.001" classname="PropertySerializationTest" name="should deserialize a long MapProperty"/>
  <testcase time="0.001" classname="PropertySerializationTest" name="should serialize a RefProperty"/>
  <testcase time="0" classname="PropertySerializationTest" name="should deserialize a RefProperty"/>
  <testcase time="0" classname="PropertySerializationTest" name="should serialize a StringProperty"/>
  <testcase time="0.001" classname="PropertySerializationTest" name="should deserialize a StringProperty"/>
  <testcase time="0.001" classname="PropertySerializationTest" name="should serialize a StringProperty with enums"/>
  <testcase time="0.001" classname="PropertySerializationTest" name="should deserialize a StringProperty with enums"/>
  <testcase time="0" classname="PropertySerializationTest" name="should serialize a string array property"/>
  <testcase time="0" classname="PropertySerializationTest" name="should deserialize a string array property"/>
  <testcase time="0" classname="PropertySerializationTest" name="should serialize a string property with readOnly set"/>
  <testcase time="0.001" classname="PropertySerializationTest" name="should serialize a string property with readOnly unset"/>
</testsuite>